/*C9*/SET SCHEMA PUBLIC
DISCONNECT
/*C12*/SET SCHEMA PUBLIC
INSERT INTO PERSONNE VALUES(10,0,NULL,'q','q')
COMMIT
INSERT INTO SURNOM VALUES(11,0,'qq',10)
COMMIT
INSERT INTO EMAIL VALUES(18,0,'qq',TRUE,10)
COMMIT
INSERT INTO EMAIL VALUES(19,0,'qsqqs',FALSE,10)
COMMIT
INSERT INTO PHOTO VALUES(10,0,NULL,NULL,10)
COMMIT
INSERT INTO FONCTION VALUES(10,0,'qq')
COMMIT
INSERT INTO PERSONNEFONCTION VALUES(10,0,NULL,NULL,10,10)
COMMIT
/*C13*/SET SCHEMA PUBLIC
INSERT INTO PERSONNE VALUES(11,0,NULL,'qsq','qsqsq')
COMMIT
INSERT INTO SURNOM VALUES(12,0,'sqsqs',11)
COMMIT
INSERT INTO EMAIL VALUES(20,0,'qsqs',TRUE,11)
COMMIT
INSERT INTO EMAIL VALUES(21,0,'sqsqsqsq',FALSE,11)
COMMIT
INSERT INTO PHOTO VALUES(11,0,NULL,NULL,11)
COMMIT
INSERT INTO FONCTION VALUES(11,0,'sqsqs')
COMMIT
INSERT INTO PERSONNEFONCTION VALUES(11,0,NULL,NULL,11,11)
COMMIT
/*C14*/SET SCHEMA PUBLIC
DISCONNECT
/*C15*/SET SCHEMA PUBLIC
DISCONNECT
/*C10*/SET SCHEMA PUBLIC
DISCONNECT
/*C11*/SET SCHEMA PUBLIC
DISCONNECT
/*C12*/DISCONNECT
/*C13*/DISCONNECT
